+------------------------------------------+---------+----------+----------+---------+
| Playlist: Software Architecture Monday   | Durati. | Cummull. | Remaini. | Progre. |
+------------------------------------------+---------+----------+----------+---------+
| Video 1: Lesson 1 - Event-Driven Archit  | 0:05:54 | 00:05:54 | 06:42:45 | 1.44%   |
| Video 2: Lesson 2 - Kafka vs. Standard   | 0:06:20 | 00:12:14 | 06:36:25 | 2.99%   |
| Video 3: Lesson 3 - Soft Skills: Gainin  | 0:09:39 | 00:21:53 | 06:26:46 | 5.36%   |
| Video 4: Lesson 4 - Microservices: Dist  | 0:14:16 | 00:36:09 | 06:12:30 | 8.85%   |
| Video 5: Lesson 5 - Microservices: Redu  | 0:09:47 | 00:45:56 | 06:02:43 | 11.24%  |
| Video 6: Lesson 6 - Classifying Archite  | 0:09:30 | 00:55:26 | 05:53:13 | 13.56%  |
| Video 7: Lesson 7 - Analyzing Architect  | 0:06:18 | 01:01:44 | 05:46:55 | 15.11%  |
| Video 8: Lesson 8 - Analyzing Architect  | 0:06:37 | 01:08:21 | 05:40:18 | 16.73%  |
| Video 9: Lesson 9 - Analyzing Architect  | 0:08:40 | 01:17:01 | 05:31:38 | 18.85%  |
| Video 10: Lesson 10 - Analyzing Architec | 0:07:00 | 01:24:01 | 05:24:38 | 20.56%  |
| Video 11: Lesson 11 - Analyzing Architec | 0:10:32 | 01:34:33 | 05:14:06 | 23.14%  |
| Video 12: Lesson 12 - CQRS and Microserv | 0:07:48 | 01:42:21 | 05:06:18 | 25.05%  |
| Video 13: Lesson13 - Microservices and R | 0:07:24 | 01:49:45 | 04:58:54 | 26.86%  |
| Video 14: Lesson14 - Refactoring Pattern | 0:04:51 | 01:54:36 | 04:54:03 | 28.04%  |
| Video 15: Lesson 15 - Refactoring: Busin | 0:09:17 | 02:03:53 | 04:44:46 | 30.32%  |
| Video 16: Lesson 16 - The Challenges of  | 0:06:47 | 02:10:40 | 04:37:59 | 31.98%  |
| Video 17: Lesson 17 - Architecture Trade | 0:10:02 | 02:20:42 | 04:27:57 | 34.43%  |
| Video 18: Lesson 18 - The Fallacies of D | 0:06:44 | 02:27:26 | 04:21:13 | 36.08%  |
| Video 19: Lesson19 Integration Styles: F | 0:06:08 | 02:33:34 | 04:15:05 | 37.58%  |
| Video 20: Lesson 20 - Integration Style: | 0:07:08 | 02:40:42 | 04:07:57 | 39.32%  |
| Video 21: Lesson 21 - Integration Styles | 0:06:18 | 02:47:00 | 04:01:39 | 40.87%  |
| Video 22: Lesson 22 - Integration Styles | 0:08:37 | 02:55:37 | 03:53:02 | 42.97%  |
| Video 23: Lesson 23 - Orchestration vs C | 0:06:19 | 03:01:56 | 03:46:43 | 44.52%  |
| Video 24: Lesson 24 - Lean Modeling Conc | 0:08:00 | 03:09:56 | 03:38:43 | 46.48%  |
| Video 25: Lesson 25 - Architectural Abst | 0:12:23 | 03:22:19 | 03:26:20 | 49.51%  |
| Video 26: Lesson 26 - Agile Architecture | 0:06:58 | 03:29:17 | 03:19:22 | 51.21%  |
| Video 27: Lesson 27 - Circuit Breaker Pa | 0:09:20 | 03:38:37 | 03:10:02 | 53.50%  |
| Video 28: Lesson 28 - Service Design Pat | 0:05:46 | 03:44:23 | 03:04:16 | 54.91%  |
| Video 29: Lesson 29 - Component Coupling | 0:08:23 | 03:52:46 | 02:55:53 | 56.96%  |
| Video 30: Lesson 30 - Agile and Architec | 0:06:52 | 03:59:38 | 02:49:01 | 58.64%  |
| Video 31: Lesson 31 - Presenting Archite | 0:08:48 | 04:08:26 | 02:40:13 | 60.79%  |
| Video 32: Lesson 32 - Diagramming Softwa | 0:11:03 | 04:19:29 | 02:29:10 | 63.50%  |
| Video 33: Lesson 33 - Creating a Service | 0:09:15 | 04:28:44 | 02:19:55 | 65.76%  |
| Video 34: Lesson 34 - Creating Service D | 0:06:57 | 04:35:41 | 02:12:58 | 67.46%  |
| Video 35: Lesson 35 - Watch Notification | 0:08:28 | 04:44:09 | 02:04:30 | 69.53%  |
| Video 36: Lesson 36 - Embedded Messaging | 0:07:07 | 04:51:16 | 01:57:23 | 71.28%  |
| Video 37: Lesson 37 - Translating Qualit | 0:09:40 | 05:00:56 | 01:47:43 | 73.64%  |
| Video 38: Lesson 38 - Identifying Micros | 0:08:29 | 05:09:25 | 01:39:14 | 75.72%  |
| Video 39: Lesson 39 - Integration Hubs   | 0:08:34 | 05:17:59 | 01:30:40 | 77.81%  |
| Video 40: Lesson 40 - Common Integration | 0:12:28 | 05:30:27 | 01:18:12 | 80.86%  |
| Video 41: Lesson 41 - Microservices Cont | 0:07:17 | 05:37:44 | 01:10:55 | 82.65%  |
| Video 42: Lesson 42 - Deferred Data Migr | 0:05:21 | 05:43:05 | 01:05:34 | 83.96%  |
| Video 43: Lesson 43 - Microservices Orch | 0:07:01 | 05:50:06 | 00:58:33 | 85.67%  |
| Video 44: Lesson 44 - Microservices Aggr | 0:07:24 | 05:57:30 | 00:51:09 | 87.48%  |
| Video 45: Lesson 45 - Microservices Gate | 0:06:15 | 06:03:45 | 00:44:54 | 89.01%  |
| Video 46: Lesson 46 - Reactive Architect | 0:07:08 | 06:10:53 | 00:37:46 | 90.76%  |
| Video 47: Lesson 47 - Channel Monitoring | 0:09:29 | 06:20:22 | 00:28:17 | 93.08%  |
| Video 48: Lesson 48 - Thread Delegate Pa | 0:11:24 | 06:31:46 | 00:16:53 | 95.87%  |
| Video 49: Lesson 49 - What is Enterprise | 0:10:21 | 06:42:07 | 00:06:32 | 98.40%  |
| Video 50: Lesson 50 - Model Driven Appro | 0:06:32 | 06:48:39 | 00:00:00 | 100.00% |
+------------------------------------------+---------+----------+----------+---------+